#
# A fatal error has been detected by the Java Runtime Environment:
#
#  EXCEPTION_ACCESS_VIOLATION (0xc0000005) at pc=0x0000000071c8d68b, pid=3320, tid=10292
#
# JRE version: 7.0_17-b02
# Java VM: Java HotSpot(TM) 64-Bit Server VM (23.7-b01 mixed mode windows-amd64 compressed oops)
# Problematic frame:
# V  [jvm.dll+0x11d68b]
#
# Failed to write core dump. Minidumps are not enabled by default on client versions of Windows
#
# If you would like to submit a bug report, please visit:
#   http://bugreport.sun.com/bugreport/crash.jsp
#

---------------  T H R E A D  ---------------

Current thread (0x000000000b24a000):  JavaThread "JDWP Transport Listener: dt_socket" daemon [_thread_in_vm, id=10292, stack(0x000000000c7e0000,0x000000000c8e0000)]

siginfo: ExceptionCode=0xc0000005, reading address 0x0000003b72656c64

Registers:
RAX=0x000000000c8df601, RBX=0x000000000b24a000, RCX=0x0000003b72656c64, RDX=0x000000000b24a000
RSP=0x000000000c8df660, RBP=0x0000003b72656c64, RSI=0x000000000c8df778, RDI=0x00000000009c9580
R8 =0x000000000c8df778, R9 =0x0000000000008000, R10=0x0000000000000000, R11=0x000000000b230919
R12=0x0000000000000000, R13=0x0000000000000000, R14=0x0000000000000000, R15=0x0000000000000000
RIP=0x0000000071c8d68b, EFLAGS=0x0000000000010202

Top of Stack: (sp=0x000000000c8df660)
0x000000000c8df660:   000000000b24a000 000000000d2c1db0
0x000000000c8df670:   000000000c8df728 0000000071e13f99
0x000000000c8df680:   000000000b24a000 0000000071e2f962
0x000000000c8df690:   0000000000000000 000000000b24a000
0x000000000c8df6a0:   000000000b24b9e0 0000000072e9264e
0x000000000c8df6b0:   000000000b24a000 0000000000000000
0x000000000c8df6c0:   0000000000000000 0000000000000000
0x000000000c8df6d0:   0000003b72656c64 0000000072e91745
0x000000000c8df6e0:   000000000c8df778 000000000c8df750
0x000000000c8df6f0:   0000000000000001 000000000b24b9e0
0x000000000c8df700:   0000003b72656c64 0000000072e753b3
0x000000000c8df710:   000000000c8df840 0000000000000001
0x000000000c8df720:   0000000000000001 000000000b24b9e0
0x000000000c8df730:   000000000000000a 0000000000000000
0x000000000c8df740:   0000000000000000 0000000000000000
0x000000000c8df750:   0000000000000001 0000000072e75571 

Instructions: (pc=0x0000000071c8d68b)
0x0000000071c8d66b:   48 8b 5c 24 30 48 89 47 18 48 83 c4 20 5f c3 cc
0x0000000071c8d67b:   cc cc cc cc cc 40 53 48 83 ec 20 48 85 c9 74 54
0x0000000071c8d68b:   48 8b 19 48 85 db 74 4c 48 b8 fe fe fe fe fe fe
0x0000000071c8d69b:   fe fe 48 3b d8 74 3d 80 3d 6f e6 58 00 00 74 15 


Register to memory mapping:

RAX=0x000000000c8df601 is pointing into the stack for thread: 0x000000000b24a000
RBX=0x000000000b24a000 is a thread
RCX=0x0000003b72656c64 is an unknown value
RDX=0x000000000b24a000 is a thread
RSP=0x000000000c8df660 is pointing into the stack for thread: 0x000000000b24a000
RBP=0x0000003b72656c64 is an unknown value
RSI=0x000000000c8df778 is pointing into the stack for thread: 0x000000000b24a000
RDI=0x00000000009c9580 is an unknown value
R8 =0x000000000c8df778 is pointing into the stack for thread: 0x000000000b24a000
R9 =0x0000000000008000 is an unknown value
R10=0x0000000000000000 is an unknown value
R11=0x000000000b230919 is an unknown value
R12=0x0000000000000000 is an unknown value
R13=0x0000000000000000 is an unknown value
R14=0x0000000000000000 is an unknown value
R15=0x0000000000000000 is an unknown value


Stack: [0x000000000c7e0000,0x000000000c8e0000],  sp=0x000000000c8df660,  free space=1021k
Native frames: (J=compiled Java code, j=interpreted, Vv=VM code, C=native code)
V  [jvm.dll+0x11d68b]


---------------  P R O C E S S  ---------------

Java Threads: ( => current thread )
  0x000000000b27d000 JavaThread "Service Thread" daemon [_thread_blocked, id=3944, stack(0x000000000cce0000,0x000000000cde0000)]
  0x000000000b270000 JavaThread "C2 CompilerThread1" daemon [_thread_blocked, id=10648, stack(0x000000000cbe0000,0x000000000cce0000)]
  0x000000000b26c000 JavaThread "C2 CompilerThread0" daemon [_thread_blocked, id=3024, stack(0x000000000cae0000,0x000000000cbe0000)]
  0x000000000b25a000 JavaThread "JDWP Command Reader" daemon [_thread_in_native, id=1940, stack(0x000000000c9e0000,0x000000000cae0000)]
  0x000000000b257000 JavaThread "JDWP Event Helper Thread" daemon [_thread_blocked, id=7648, stack(0x000000000c8e0000,0x000000000c9e0000)]
=>0x000000000b24a000 JavaThread "JDWP Transport Listener: dt_socket" daemon [_thread_in_vm, id=10292, stack(0x000000000c7e0000,0x000000000c8e0000)]
  0x000000000b243800 JavaThread "Attach Listener" daemon [_thread_blocked, id=1132, stack(0x000000000c6e0000,0x000000000c7e0000)]
  0x000000000b21e800 JavaThread "Signal Dispatcher" daemon [_thread_blocked, id=996, stack(0x000000000c5e0000,0x000000000c6e0000)]
  0x000000000b1b9800 JavaThread "Finalizer" daemon [_thread_blocked, id=10904, stack(0x000000000c4e0000,0x000000000c5e0000)]
  0x000000000b1b1000 JavaThread "Reference Handler" daemon [_thread_blocked, id=8932, stack(0x000000000c3e0000,0x000000000c4e0000)]
  0x00000000026a0800 JavaThread "main" [_thread_blocked, id=8360, stack(0x00000000025a0000,0x00000000026a0000)]

Other Threads:
  0x000000000b1a8800 VMThread [stack: 0x000000000c2e0000,0x000000000c3e0000] [id=892]
  0x000000000b26c800 WatcherThread [stack: 0x000000000cde0000,0x000000000cee0000] [id=4000]

VM state:not at safepoint (normal execution)

VM Mutex/Monitor currently owned by a thread: None

Heap
 PSYoungGen      total 35648K, used 6215K [0x00000000d8360000, 0x00000000dab20000, 0x0000000100000000)
  eden space 30592K, 20% used [0x00000000d8360000,0x00000000d8971e48,0x00000000da140000)
  from space 5056K, 0% used [0x00000000da630000,0x00000000da630000,0x00000000dab20000)
  to   space 5056K, 0% used [0x00000000da140000,0x00000000da140000,0x00000000da630000)
 ParOldGen       total 81536K, used 0K [0x0000000088a00000, 0x000000008d9a0000, 0x00000000d8360000)
  object space 81536K, 0% used [0x0000000088a00000,0x0000000088a00000,0x000000008d9a0000)
 PSPermGen       total 21248K, used 5038K [0x0000000083800000, 0x0000000084cc0000, 0x0000000088a00000)
  object space 21248K, 23% used [0x0000000083800000,0x0000000083ceb990,0x0000000084cc0000)

Card table byte_map: [0x0000000005870000,0x0000000005c60000] byte_map_base: 0x0000000005454000

Polling page: 0x00000000009d0000

Code Cache  [0x00000000027b0000, 0x0000000002a20000, 0x00000000057b0000)
 total_blobs=228 nmethods=13 adapters=175 free_code_cache=48726Kb largest_free_block=49876352

Compilation events (10 events):
Event: 0.428 Thread 0x000000000b26c000    9             java.lang.String::startsWith (72 bytes)
Event: 0.432 Thread 0x000000000b26c000 nmethod 9 0x0000000002815c50 code [0x0000000002815da0, 0x0000000002816018]
Event: 0.443 Thread 0x000000000b270000   10             java.lang.String::length (6 bytes)
Event: 0.443 Thread 0x000000000b270000 nmethod 10 0x0000000002817850 code [0x0000000002817980, 0x0000000002817a18]
Event: 0.458 Thread 0x000000000b26c000   11             sun.net.www.ParseUtil::encodePath (336 bytes)
Event: 0.492 Thread 0x000000000b26c000 nmethod 11 0x000000000281d190 code [0x000000000281d3e0, 0x000000000281e6d8]
Event: 0.493 Thread 0x000000000b270000   12             java.lang.Object::<init> (1 bytes)
Event: 0.493 Thread 0x000000000b270000 nmethod 12 0x00000000028157d0 code [0x0000000002815900, 0x0000000002815978]
Event: 0.514 Thread 0x000000000b26c000   13             java.lang.String::equals (81 bytes)
Event: 0.518 Thread 0x000000000b26c000 nmethod 13 0x0000000002819690 code [0x00000000028197e0, 0x0000000002819ad8]

GC Heap History (0 events):
No events

Deoptimization events (0 events):
No events

Internal exceptions (10 events):
Event: 0.481 Thread 0x00000000026a0800 Threw 0x00000000d8878e58 at C:\jdk7u2_64p\jdk7u17\hotspot\src\share\vm\prims\jvm.cpp:1166
Event: 0.498 Thread 0x00000000026a0800 Threw 0x00000000d8887780 at C:\jdk7u2_64p\jdk7u17\hotspot\src\share\vm\prims\jvm.cpp:1166
Event: 0.499 Thread 0x00000000026a0800 Threw 0x00000000d88912a8 at C:\jdk7u2_64p\jdk7u17\hotspot\src\share\vm\prims\jvm.cpp:1166
Event: 0.500 Thread 0x00000000026a0800 Threw 0x00000000d889f988 at C:\jdk7u2_64p\jdk7u17\hotspot\src\share\vm\prims\jvm.cpp:1166
Event: 0.509 Thread 0x00000000026a0800 Threw 0x00000000d88c7070 at C:\jdk7u2_64p\jdk7u17\hotspot\src\share\vm\prims\jvm.cpp:1166
Event: 0.510 Thread 0x00000000026a0800 Threw 0x00000000d88cb8c8 at C:\jdk7u2_64p\jdk7u17\hotspot\src\share\vm\prims\jvm.cpp:1166
Event: 0.512 Thread 0x00000000026a0800 Threw 0x00000000d88d0b90 at C:\jdk7u2_64p\jdk7u17\hotspot\src\share\vm\prims\jvm.cpp:1166
Event: 0.513 Thread 0x00000000026a0800 Threw 0x00000000d88d5018 at C:\jdk7u2_64p\jdk7u17\hotspot\src\share\vm\prims\jvm.cpp:1166
Event: 0.515 Thread 0x00000000026a0800 Threw 0x00000000d88d9718 at C:\jdk7u2_64p\jdk7u17\hotspot\src\share\vm\prims\jvm.cpp:1166
Event: 0.516 Thread 0x00000000026a0800 Threw 0x00000000d88dcf18 at C:\jdk7u2_64p\jdk7u17\hotspot\src\share\vm\prims\jvm.cpp:1166

Events (10 events):
Event: 189.881 Executing VM operation: ChangeBreakpoints
Event: 189.881 Executing VM operation: ChangeBreakpoints done
Event: 195.253 Executing VM operation: ChangeBreakpoints
Event: 195.253 Executing VM operation: ChangeBreakpoints done
Event: 227.195 Executing VM operation: RedefineClasses
Event: 227.195 Executing VM operation: RedefineClasses done
Event: 227.201 Executing VM operation: ChangeBreakpoints
Event: 227.201 Executing VM operation: ChangeBreakpoints done
Event: 450.972 Executing VM operation: RedefineClasses
Event: 450.972 Executing VM operation: RedefineClasses done


Dynamic libraries:
0x00007ff668800000 - 0x00007ff668833000 	C:\Program Files\Java\jdk1.7.0_17\bin\javaw.exe
0x00007ffd170b0000 - 0x00007ffd17280000 	C:\Windows\SYSTEM32\ntdll.dll
0x00007ffd16d40000 - 0x00007ffd16dec000 	C:\Windows\System32\KERNEL32.DLL
0x00007ffd13750000 - 0x00007ffd1396d000 	C:\Windows\System32\KERNELBASE.dll
0x00007ffd14ed0000 - 0x00007ffd14f72000 	C:\Windows\System32\ADVAPI32.dll
0x00007ffd148e0000 - 0x00007ffd1497e000 	C:\Windows\System32\msvcrt.dll
0x00007ffd14f80000 - 0x00007ffd14fd9000 	C:\Windows\System32\sechost.dll
0x00007ffd14640000 - 0x00007ffd14761000 	C:\Windows\System32\RPCRT4.dll
0x00007ffd14770000 - 0x00007ffd148d5000 	C:\Windows\System32\USER32.dll
0x00007ffd14570000 - 0x00007ffd1458e000 	C:\Windows\System32\win32u.dll
0x00007ffd17070000 - 0x00007ffd170a4000 	C:\Windows\System32\GDI32.dll
0x00007ffd14390000 - 0x00007ffd14511000 	C:\Windows\System32\gdi32full.dll
0x00007ffd084b0000 - 0x00007ffd0872a000 	C:\Windows\WinSxS\amd64_microsoft.windows.common-controls_6595b64144ccf1df_6.0.14393.3053_none_7de042968342015d\COMCTL32.dll
0x00007ffd15040000 - 0x00007ffd15305000 	C:\Windows\System32\combase.dll
0x00007ffd135a0000 - 0x00007ffd13694000 	C:\Windows\System32\ucrtbase.dll
0x00007ffd13a10000 - 0x00007ffd13a7a000 	C:\Windows\System32\bcryptPrimitives.dll
0x00007ffd14990000 - 0x00007ffd149be000 	C:\Windows\System32\IMM32.DLL
0x0000000072ef0000 - 0x0000000072fc1000 	C:\Program Files\Java\jdk1.7.0_17\jre\bin\msvcr100.dll
0x0000000071b70000 - 0x000000007228f000 	C:\Program Files\Java\jdk1.7.0_17\jre\bin\server\jvm.dll
0x00007ffd14980000 - 0x00007ffd14988000 	C:\Windows\System32\PSAPI.DLL
0x00007ffd11590000 - 0x00007ffd115b3000 	C:\Windows\SYSTEM32\WINMM.dll
0x00007ffd11190000 - 0x00007ffd11199000 	C:\Windows\SYSTEM32\WSOCK32.dll
0x00007ffd16cd0000 - 0x00007ffd16d3a000 	C:\Windows\System32\WS2_32.dll
0x0000000002220000 - 0x000000000224b000 	C:\Windows\SYSTEM32\WINMMBASE.dll
0x00007ffd14520000 - 0x00007ffd14562000 	C:\Windows\System32\cfgmgr32.dll
0x0000000072ee0000 - 0x0000000072eef000 	C:\Program Files\Java\jdk1.7.0_17\jre\bin\verify.dll
0x0000000072eb0000 - 0x0000000072ed8000 	C:\Program Files\Java\jdk1.7.0_17\jre\bin\java.dll
0x0000000072e70000 - 0x0000000072ea5000 	C:\Program Files\Java\jdk1.7.0_17\jre\bin\jdwp.dll
0x0000000072e60000 - 0x0000000072e68000 	C:\Program Files\Java\jdk1.7.0_17\jre\bin\npt.dll
0x0000000072e40000 - 0x0000000072e55000 	C:\Program Files\Java\jdk1.7.0_17\jre\bin\zip.dll
0x0000000072e30000 - 0x0000000072e39000 	C:\Program Files\Java\jdk1.7.0_17\jre\bin\dt_socket.dll
0x00007ffd10dc0000 - 0x00007ffd10dd8000 	C:\Windows\system32\NLAapi.dll
0x00007ffd031f0000 - 0x00007ffd03206000 	C:\Windows\system32\napinsp.dll
0x00007ffd03210000 - 0x00007ffd0322a000 	C:\Windows\system32\pnrpnsp.dll
0x00007ffd12e10000 - 0x00007ffd12e6c000 	C:\Windows\System32\mswsock.dll
0x00007ffd12bf0000 - 0x00007ffd12c92000 	C:\Windows\SYSTEM32\DNSAPI.dll
0x00007ffd16cc0000 - 0x00007ffd16cc8000 	C:\Windows\System32\NSI.dll
0x00007ffd12b90000 - 0x00007ffd12bc8000 	C:\Windows\SYSTEM32\IPHLPAPI.DLL
0x00007ffd03230000 - 0x00007ffd0323e000 	C:\Windows\System32\winrnr.dll
0x00007ffd07f10000 - 0x00007ffd07f7a000 	C:\Windows\System32\fwpuclnt.dll
0x00007ffd130c0000 - 0x00007ffd130eb000 	C:\Windows\SYSTEM32\bcrypt.dll
0x00007ffd05780000 - 0x00007ffd0578a000 	C:\Windows\SYSTEM32\rasadhlp.dll
0x0000000072e10000 - 0x0000000072e29000 	C:\Program Files\Java\jdk1.7.0_17\jre\bin\net.dll
0x0000000072df0000 - 0x0000000072e01000 	C:\Program Files\Java\jdk1.7.0_17\jre\bin\nio.dll
0x00007ffd03500000 - 0x00007ffd03692000 	C:\Windows\SYSTEM32\dbghelp.dll

VM Arguments:
jvm_args: -agentlib:jdwp=transport=dt_socket,suspend=y,address=localhost:9076 -Dfile.encoding=UTF-8 
java_command: com.bds.Test2
Launcher Type: SUN_STANDARD

Environment Variables:
JAVA_HOME=C:\Program Files\Java\jdk1.8.0_172
PATH=C:\Program Files\Java\jdk1.7.0_17\jre\bin;C:\Program Files (x86)\Common Files\Oracle\Java\javapath;C:\Windows\system32;C:\Windows;C:\Windows\System32\Wbem;C:\Windows\System32\WindowsPowerShell\v1.0\;c:\Program Files (x86)\Microsoft SQL Server\110\Tools\Binn\ManagementStudio\;c:\Program Files (x86)\Microsoft SQL Server\110\Tools\Binn\;c:\Program Files\Microsoft SQL Server\110\Tools\Binn\;c:\Program Files (x86)\Microsoft SQL Server\110\DTS\Binn\;C:\Program Files\Java\jdk1.8.0_172\bin;E:\apache-maven-3.3.9\bin;E:\mysql\MySQL Server 5.6\bin;E:\°²×°°ü\Git\Git\cmd;E:\node\;C:\Users\user\AppData\Local\Microsoft\WindowsApps;;E:\filder\Fiddler;E:\Microsoft VS Code\bin;C:\Users\user\AppData\Roaming\npm
USERNAME=user
OS=Windows_NT
PROCESSOR_IDENTIFIER=Intel64 Family 6 Model 78 Stepping 3, GenuineIntel



---------------  S Y S T E M  ---------------

OS: Windows 8 , 64 bit Build 9200 

CPU:total 4 (2 cores per cpu, 2 threads per core) family 6 model 78 stepping 3, cmov, cx8, fxsr, mmx, sse, sse2, sse3, ssse3, sse4.1, sse4.2, popcnt, avx, avx2, ht, tsc, tscinvbit

Memory: 4k page, physical 7822336k(4498040k free), swap 14113792k(9337268k free)

vm_info: Java HotSpot(TM) 64-Bit Server VM (23.7-b01) for windows-amd64 JRE (1.7.0_17-b02), built on Mar  1 2013 03:38:30 by "java_re" with unknown MS VC++:1600

time: Fri Nov 08 21:03:24 2019
elapsed time: 451 seconds

